<?xml version="1.0" encoding="UTF-8"?>
<testng-results skipped="0" failed="0" ignored="0" total="1" passed="1">
  <reporter-output>
  </reporter-output>
  <suite name="Suite" duration-ms="11484" started-at="2020-04-05T17:20:36Z" finished-at="2020-04-05T17:20:47Z">
    <groups>
    </groups>
    <test name="Test" duration-ms="11484" started-at="2020-04-05T17:20:36Z" finished-at="2020-04-05T17:20:47Z">
      <class name="com.automation.testCases.LoginTestCase">
        <test-method status="PASS" signature="setupSuite()[pri:0, instance:com.automation.testCases.LoginTestCase@52e677af]" name="setupSuite" is-config="true" duration-ms="270" started-at="2020-04-05T22:50:35Z" finished-at="2020-04-05T22:50:36Z">
          <reporter-output>
          </reporter-output>
        </test-method> <!-- setupSuite -->
        <test-method status="PASS" signature="setup()[pri:0, instance:com.automation.testCases.LoginTestCase@52e677af]" name="setup" is-config="true" duration-ms="9706" started-at="2020-04-05T22:50:36Z" finished-at="2020-04-05T22:50:45Z">
          <reporter-output>
          </reporter-output>
        </test-method> <!-- setup -->
        <test-method status="PASS" signature="testLogin()[pri:0, instance:com.automation.testCases.LoginTestCase@52e677af]" name="testLogin" duration-ms="216" started-at="2020-04-05T22:50:45Z" finished-at="2020-04-05T22:50:46Z">
          <reporter-output>
          </reporter-output>
        </test-method> <!-- testLogin -->
        <test-method status="PASS" signature="tearDownMethod(org.testng.ITestResult)[pri:0, instance:com.automation.testCases.LoginTestCase@52e677af]" name="tearDownMethod" is-config="true" duration-ms="3" started-at="2020-04-05T22:50:46Z" finished-at="2020-04-05T22:50:46Z">
          <params>
            <param index="0">
              <value>
                <![CDATA[[TestResult name=testLogin status=SUCCESS method=LoginTestCase.testLogin()[pri:0, instance:com.automation.testCases.LoginTestCase@52e677af] output={null}]]]>
              </value>
            </param>
          </params>
          <reporter-output>
          </reporter-output>
        </test-method> <!-- tearDownMethod -->
        <test-method status="PASS" signature="tearDown()[pri:0, instance:com.automation.testCases.LoginTestCase@52e677af]" name="tearDown" is-config="true" duration-ms="1549" started-at="2020-04-05T22:50:46Z" finished-at="2020-04-05T22:50:47Z">
          <reporter-output>
          </reporter-output>
        </test-method> <!-- tearDown -->
      </class> <!-- com.automation.testCases.LoginTestCase -->
    </test> <!-- Test -->
  </suite> <!-- Suite -->
</testng-results>
